<?xml version="1.0" encoding="UTF-8"?>
<!-- Generated by org.testng.reporters.JUnitReportReporter -->
<testsuite hostname="Sivanesh" failures="0" tests="1" name="maven.adactin_hotel" time="25.141" errors="0" timestamp="10 Oct 2022 08:13:26 GMT">
  <testcase classname="maven.adactin_hotel" name="test_1" time="25.141"/>
</testsuite> <!-- maven.adactin_hotel -->
