<?xml version="1.0" encoding="UTF-8"?>
<!-- Generated by org.testng.reporters.JUnitReportReporter -->
<testsuite hostname="Sivanesh" failures="0" tests="1" name="maven.first_selenium" time="21.439" errors="0" timestamp="10 Oct 2022 06:47:23 GMT">
  <testcase classname="maven.first_selenium" name="test_1" time="21.439"/>
</testsuite> <!-- maven.first_selenium -->
