<?xml version="1.0" encoding="UTF-8"?>
<!-- Generated by org.testng.reporters.JUnitReportReporter -->
<testsuite hostname="Sivanesh" failures="0" tests="3" name="testng.Testng" time="22.769" errors="0" timestamp="20 Oct 2022 06:37:41 GMT">
  <testcase classname="testng.Testng" name="login" time="3.407"/>
  <testcase classname="testng.Testng" name="logout" time="6.476"/>
  <testcase classname="testng.Testng" name="deleteuser" time="12.886"/>
</testsuite> <!-- testng.Testng -->
