<?xml version="1.0" encoding="UTF-8"?>
<!-- Generated by org.testng.reporters.JUnitReportReporter -->
<testsuite hostname="Sivanesh" failures="0" tests="1" name="rest_assured_demo.trello_board" time="7.275" errors="0" timestamp="15 Nov 2022 07:47:01 GMT">
  <testcase classname="rest_assured_demo.trello_board" name="createboard" time="7.275"/>
</testsuite> <!-- rest_assured_demo.trello_board -->
