<?xml version="1.0" encoding="UTF-8"?>
<!-- Generated by org.testng.reporters.JUnitReportReporter -->
<testsuite hostname="Sivanesh" failures="0" tests="1" name="maven.facebook" time="6.064" errors="0" timestamp="10 Oct 2022 16:49:13 GMT">
  <testcase classname="maven.facebook" name="test" time="6.064"/>
</testsuite> <!-- maven.facebook -->
