<?xml version="1.0" encoding="UTF-8"?>
<!-- Generated by org.testng.reporters.JUnitReportReporter -->
<testsuite hostname="Sivanesh" failures="0" tests="1" name="maven.first_selenium" time="18.110" errors="0" timestamp="12 Oct 2022 16:05:51 GMT">
  <testcase classname="maven.first_selenium" name="test_1" time="18.110"/>
</testsuite> <!-- maven.first_selenium -->
