<?xml version="1.0" encoding="UTF-8"?>
<!-- Generated by org.testng.reporters.JUnitReportReporter -->
<testsuite hostname="Sivanesh" failures="0" tests="2" name="maven.script1" time="45.317" errors="0" timestamp="3 Nov 2022 07:28:26 GMT">
  <testcase classname="maven.script1" name="test2" time="29.361"/>
  <testcase classname="maven.script1" name="test1" time="15.956"/>
</testsuite> <!-- maven.script1 -->
