<?xml version="1.0" encoding="UTF-8"?>
<!-- Generated by org.testng.reporters.JUnitReportReporter -->
<testsuite hostname="Sivanesh" failures="0" tests="3" name="maven.insurance_project" time="59.148" errors="0" timestamp="12 Oct 2022 16:51:13 GMT">
  <testcase classname="maven.insurance_project" name="test3" time="25.999"/>
  <testcase classname="maven.insurance_project" name="test2" time="7.419"/>
  <testcase classname="maven.insurance_project" name="test1" time="25.730"/>
</testsuite> <!-- maven.insurance_project -->
