<?xml version="1.0" encoding="UTF-8"?>
<!-- Generated by org.testng.reporters.JUnitReportReporter -->
<testsuite hostname="Sivanesh" failures="0" tests="2" name="maven.parallel_class" time="25.964" errors="0" timestamp="7 Nov 2022 16:07:34 GMT">
  <testcase classname="maven.parallel_class" name="tc2" time="17.032"/>
  <testcase classname="maven.parallel_class" name="tc2" time="8.932"/>
</testsuite> <!-- maven.parallel_class -->
