<?xml version="1.0" encoding="UTF-8"?>
<!-- Generated by org.testng.reporters.JUnitReportReporter -->
<testsuite hostname="Sivanesh" failures="0" tests="1" name="maven.testng" time="40.934" errors="0" timestamp="18 Oct 2022 15:56:28 GMT">
  <testcase classname="maven.testng" name="windowhandle" time="40.934"/>
</testsuite> <!-- maven.testng -->
