<?xml version="1.0" encoding="UTF-8"?>
<!-- Generated by org.testng.reporters.JUnitReportReporter -->
<testsuite hostname="Sivanesh" failures="0" tests="4" name="maven.new_tour" time="59.110" errors="0" timestamp="19 Oct 2022 09:51:09 GMT">
  <testcase classname="maven.new_tour" name="alert1" time="9.227"/>
  <testcase classname="maven.new_tour" name="alert3" time="14.190"/>
  <testcase classname="maven.new_tour" name="alert4" time="21.169"/>
  <testcase classname="maven.new_tour" name="alert2" time="14.524"/>
</testsuite> <!-- maven.new_tour -->
