<?xml version="1.0" encoding="UTF-8"?>
<!-- Generated by org.testng.reporters.JUnitReportReporter -->
<testsuite hostname="Sivanesh" failures="0" tests="3" name="maven.online_dress" time="78.166" errors="0" timestamp="10 Oct 2022 18:49:08 GMT">
  <testcase classname="maven.online_dress" name="test1" time="7.991"/>
  <testcase classname="maven.online_dress" name="test2" time="14.177"/>
  <testcase classname="maven.online_dress" name="test3" time="55.998"/>
</testsuite> <!-- maven.online_dress -->
